<?xml version="1.0" encoding="UTF-8"?>
<testng-results ignored="0" total="2" passed="2" failed="0" skipped="0">
  <reporter-output>
  </reporter-output>
  <suite started-at="2022-11-16T10:39:08 IST" name="Tests on Windows OS" finished-at="2022-11-16T10:39:52 IST" duration-ms="43336">
    <groups>
    </groups>
    <test started-at="2022-11-16T10:39:08 IST" name="McPizzaTests" finished-at="2022-11-16T10:39:52 IST" duration-ms="43336">
      <class name="com.mcpizza.tests.McPizzaTests">
        <test-method is-config="true" signature="BeforeClass()[pri:0, instance:com.mcpizza.tests.McPizzaTests@3ee37e5a]" started-at="2022-11-16T10:39:08 IST" name="BeforeClass" finished-at="2022-11-16T10:39:09 IST" duration-ms="587" status="PASS">
          <reporter-output>
          </reporter-output>
        </test-method> <!-- BeforeClass -->
        <test-method is-config="true" signature="setUp(java.lang.String)[pri:0, instance:com.mcpizza.tests.McPizzaTests@3ee37e5a]" started-at="2022-11-16T10:39:09 IST" name="setUp" finished-at="2022-11-16T10:39:15 IST" duration-ms="6118" status="PASS">
          <params>
            <param index="0">
              <value>
                <![CDATA[windows]]>
              </value>
            </param>
          </params>
          <reporter-output>
          </reporter-output>
        </test-method> <!-- setUp -->
        <test-method signature="OrderVegThickCrustPizza()[pri:0, instance:com.mcpizza.tests.McPizzaTests@3ee37e5a]" started-at="2022-11-16T10:39:15 IST" name="OrderVegThickCrustPizza" finished-at="2022-11-16T10:39:30 IST" duration-ms="15226" status="PASS">
          <reporter-output>
          </reporter-output>
        </test-method> <!-- OrderVegThickCrustPizza -->
        <test-method is-config="true" signature="tearDown(org.testng.ITestResult)[pri:0, instance:com.mcpizza.tests.McPizzaTests@3ee37e5a]" started-at="2022-11-16T10:39:30 IST" name="tearDown" finished-at="2022-11-16T10:39:32 IST" duration-ms="1814" status="PASS">
          <params>
            <param index="0">
              <value>
                <![CDATA[[TestResult name=OrderVegThickCrustPizza status=SUCCESS method=McPizzaTests.OrderVegThickCrustPizza()[pri:0, instance:com.mcpizza.tests.McPizzaTests@3ee37e5a] output={null}]]]>
              </value>
            </param>
          </params>
          <reporter-output>
          </reporter-output>
        </test-method> <!-- tearDown -->
        <test-method is-config="true" signature="setUp(java.lang.String)[pri:0, instance:com.mcpizza.tests.McPizzaTests@3ee37e5a]" started-at="2022-11-16T10:39:32 IST" name="setUp" finished-at="2022-11-16T10:39:36 IST" duration-ms="4039" status="PASS">
          <params>
            <param index="0">
              <value>
                <![CDATA[windows]]>
              </value>
            </param>
          </params>
          <reporter-output>
          </reporter-output>
        </test-method> <!-- setUp -->
        <test-method signature="ValidateIrrelavantQuestions()[pri:0, instance:com.mcpizza.tests.McPizzaTests@3ee37e5a]" started-at="2022-11-16T10:39:36 IST" name="ValidateIrrelavantQuestions" finished-at="2022-11-16T10:39:48 IST" duration-ms="11911" status="PASS">
          <reporter-output>
          </reporter-output>
        </test-method> <!-- ValidateIrrelavantQuestions -->
        <test-method is-config="true" signature="tearDown(org.testng.ITestResult)[pri:0, instance:com.mcpizza.tests.McPizzaTests@3ee37e5a]" started-at="2022-11-16T10:39:48 IST" name="tearDown" finished-at="2022-11-16T10:39:50 IST" duration-ms="2127" status="PASS">
          <params>
            <param index="0">
              <value>
                <![CDATA[[TestResult name=ValidateIrrelavantQuestions status=SUCCESS method=McPizzaTests.ValidateIrrelavantQuestions()[pri:0, instance:com.mcpizza.tests.McPizzaTests@3ee37e5a] output={null}]]]>
              </value>
            </param>
          </params>
          <reporter-output>
          </reporter-output>
        </test-method> <!-- tearDown -->
        <test-method is-config="true" signature="afterClass()[pri:0, instance:com.mcpizza.tests.McPizzaTests@3ee37e5a]" started-at="2022-11-16T10:39:50 IST" name="afterClass" finished-at="2022-11-16T10:39:52 IST" duration-ms="1390" status="PASS">
          <reporter-output>
          </reporter-output>
        </test-method> <!-- afterClass -->
      </class> <!-- com.mcpizza.tests.McPizzaTests -->
    </test> <!-- McPizzaTests -->
  </suite> <!-- Tests on Windows OS -->
</testng-results>
